#
# There is insufficient memory for the Java Runtime Environment to continue.
# Native memory allocation (mmap) failed to map 2684354560 bytes for committing reserved memory.
# Possible reasons:
#   The system is out of physical RAM or swap space
#   In 32 bit mode, the process size limit was hit
# Possible solutions:
#   Reduce memory load on the system
#   Increase physical memory or swap space
#   Check if swap backing store is full
#   Use 64 bit Java on a 64 bit OS
#   Decrease Java heap size (-Xmx/-Xms)
#   Decrease number of Java threads
#   Decrease Java thread stack sizes (-Xss)
#   Set larger code cache with -XX:ReservedCodeCacheSize=
# This output file may be truncated or incomplete.
#
#  Out of Memory Error (os_linux.cpp:2627), pid=25462, tid=140361198532352
#
# JRE version:  (8.0_91-b14) (build )
# Java VM: Java HotSpot(TM) 64-Bit Server VM (25.91-b14 mixed mode linux-amd64 compressed oops)
# Failed to write core dump. Core dumps have been disabled. To enable core dumping, try "ulimit -c unlimited" before starting Java again
#

---------------  T H R E A D  ---------------

Current thread (0x00007fa85c00a000):  JavaThread "Unknown thread" [_thread_in_vm, id=25507, stack(0x00007fa86350f000,0x00007fa863610000)]

Stack: [0x00007fa86350f000,0x00007fa863610000],  sp=0x00007fa86360e320,  free space=1020k
Native frames: (J=compiled Java code, j=interpreted, Vv=VM code, C=native code)
V  [libjvm.so+0xabc18a]  VMError::report_and_die()+0x2ba
V  [libjvm.so+0x4fafeb]  report_vm_out_of_memory(char const*, int, unsigned long, VMErrorType, char const*)+0x8b
V  [libjvm.so+0x91cbb3]  os::Linux::commit_memory_impl(char*, unsigned long, bool)+0x103
V  [libjvm.so+0x91d109]  os::pd_commit_memory(char*, unsigned long, unsigned long, bool)+0x29
V  [libjvm.so+0x91740a]  os::commit_memory(char*, unsigned long, unsigned long, bool)+0x2a
V  [libjvm.so+0xab7ee9]  VirtualSpace::expand_by(unsigned long, bool)+0x199
V  [libjvm.so+0xab8a3e]  VirtualSpace::initialize(ReservedSpace, unsigned long)+0xee
V  [libjvm.so+0x5f8561]  CardGeneration::CardGeneration(ReservedSpace, unsigned long, int, GenRemSet*)+0xf1
V  [libjvm.so+0x4e457e]  ConcurrentMarkSweepGeneration::ConcurrentMarkSweepGeneration(ReservedSpace, unsigned long, int, CardTableRS*, bool, FreeBlockDictionary<FreeChunk>::DictionaryChoice)+0x4e
V  [libjvm.so+0x5f9622]  GenerationSpec::init(ReservedSpace, int, GenRemSet*)+0xf2
V  [libjvm.so+0x5e830e]  GenCollectedHeap::initialize()+0x1de
V  [libjvm.so+0xa849bb]  Universe::initialize_heap()+0xfb
V  [libjvm.so+0xa84d2e]  universe_init()+0x3e
V  [libjvm.so+0x63a575]  init_globals()+0x65
V  [libjvm.so+0xa68f3e]  Threads::create_vm(JavaVMInitArgs*, bool*)+0x23e
V  [libjvm.so+0x6cede4]  JNI_CreateJavaVM+0x74
C  [libjli.so+0x745e]  JavaMain+0x9e
C  [libpthread.so.0+0x7dc5]  start_thread+0xc5


---------------  P R O C E S S  ---------------

Java Threads: ( => current thread )

Other Threads:

=>0x00007fa85c00a000 (exited) JavaThread "Unknown thread" [_thread_in_vm, id=25507, stack(0x00007fa86350f000,0x00007fa863610000)]

VM state:not at safepoint (not fully initialized)

VM Mutex/Monitor currently owned by a thread: None

GC Heap History (0 events):
No events

Deoptimization events (0 events):
No events

Internal exceptions (0 events):
No events

Events (0 events):
No events


Dynamic libraries:
00400000-00401000 r-xp 00000000 fd:00 135797490                          /usr/java/jdk1.8.0_91/bin/java
00600000-00601000 rw-p 00000000 fd:00 135797490                          /usr/java/jdk1.8.0_91/bin/java
0142f000-01450000 rw-p 00000000 00:00 0                                  [heap]
6c0000000-720000000 rw-p 00000000 00:00 0 
7fa84c7ff000-7fa84caff000 rw-p 00000000 00:00 0 
7fa84caff000-7fa84cfff000 ---p 00000000 00:00 0 
7fa84cfff000-7fa84d000000 rw-p 00000000 00:00 0 
7fa84d000000-7fa84d270000 rwxp 00000000 00:00 0 
7fa84d270000-7fa85c000000 ---p 00000000 00:00 0 
7fa85c000000-7fa85c037000 rw-p 00000000 00:00 0 
7fa85c037000-7fa860000000 ---p 00000000 00:00 0 
7fa860474000-7fa8607fa000 rw-p 00000000 00:00 0 
7fa8607fa000-7fa8607fb000 ---p 00000000 00:00 0 
7fa8607fb000-7fa860905000 rw-p 00000000 00:00 0                          [stack:25508]
7fa860905000-7fa860cbb000 ---p 00000000 00:00 0 
7fa860cbb000-7fa860cd5000 r-xp 00000000 fd:00 69211198                   /usr/java/jdk1.8.0_91/jre/lib/amd64/libzip.so
7fa860cd5000-7fa860ed5000 ---p 0001a000 fd:00 69211198                   /usr/java/jdk1.8.0_91/jre/lib/amd64/libzip.so
7fa860ed5000-7fa860ed6000 rw-p 0001a000 fd:00 69211198                   /usr/java/jdk1.8.0_91/jre/lib/amd64/libzip.so
7fa860ed6000-7fa860ee2000 r-xp 00000000 fd:00 205373000                  /usr/lib64/libnss_files-2.17.so
7fa860ee2000-7fa8610e1000 ---p 0000c000 fd:00 205373000                  /usr/lib64/libnss_files-2.17.so
7fa8610e1000-7fa8610e2000 r--p 0000b000 fd:00 205373000                  /usr/lib64/libnss_files-2.17.so
7fa8610e2000-7fa8610e3000 rw-p 0000c000 fd:00 205373000                  /usr/lib64/libnss_files-2.17.so
7fa8610e3000-7fa8610e9000 rw-p 00000000 00:00 0 
7fa8610e9000-7fa861113000 r-xp 00000000 fd:00 69211193                   /usr/java/jdk1.8.0_91/jre/lib/amd64/libjava.so
7fa861113000-7fa861313000 ---p 0002a000 fd:00 69211193                   /usr/java/jdk1.8.0_91/jre/lib/amd64/libjava.so
7fa861313000-7fa861315000 rw-p 0002a000 fd:00 69211193                   /usr/java/jdk1.8.0_91/jre/lib/amd64/libjava.so
7fa861315000-7fa861322000 r-xp 00000000 fd:00 69211197                   /usr/java/jdk1.8.0_91/jre/lib/amd64/libverify.so
7fa861322000-7fa861522000 ---p 0000d000 fd:00 69211197                   /usr/java/jdk1.8.0_91/jre/lib/amd64/libverify.so
7fa861522000-7fa861524000 rw-p 0000d000 fd:00 69211197                   /usr/java/jdk1.8.0_91/jre/lib/amd64/libverify.so
7fa861524000-7fa86152b000 r-xp 00000000 fd:00 205373012                  /usr/lib64/librt-2.17.so
7fa86152b000-7fa86172a000 ---p 00007000 fd:00 205373012                  /usr/lib64/librt-2.17.so
7fa86172a000-7fa86172b000 r--p 00006000 fd:00 205373012                  /usr/lib64/librt-2.17.so
7fa86172b000-7fa86172c000 rw-p 00007000 fd:00 205373012                  /usr/lib64/librt-2.17.so
7fa86172c000-7fa86182d000 r-xp 00000000 fd:00 205372990                  /usr/lib64/libm-2.17.so
7fa86182d000-7fa861a2c000 ---p 00101000 fd:00 205372990                  /usr/lib64/libm-2.17.so
7fa861a2c000-7fa861a2d000 r--p 00100000 fd:00 205372990                  /usr/lib64/libm-2.17.so
7fa861a2d000-7fa861a2e000 rw-p 00101000 fd:00 205372990                  /usr/lib64/libm-2.17.so
7fa861a2e000-7fa8626ee000 r-xp 00000000 fd:00 203941480                  /usr/java/jdk1.8.0_91/jre/lib/amd64/server/libjvm.so
7fa8626ee000-7fa8628ee000 ---p 00cc0000 fd:00 203941480                  /usr/java/jdk1.8.0_91/jre/lib/amd64/server/libjvm.so
7fa8628ee000-7fa8629c6000 rw-p 00cc0000 fd:00 203941480                  /usr/java/jdk1.8.0_91/jre/lib/amd64/server/libjvm.so
7fa8629c6000-7fa862a11000 rw-p 00000000 00:00 0 
7fa862a11000-7fa862bc8000 r-xp 00000000 fd:00 201598371                  /usr/lib64/libc-2.17.so
7fa862bc8000-7fa862dc8000 ---p 001b7000 fd:00 201598371                  /usr/lib64/libc-2.17.so
7fa862dc8000-7fa862dcc000 r--p 001b7000 fd:00 201598371                  /usr/lib64/libc-2.17.so
7fa862dcc000-7fa862dce000 rw-p 001bb000 fd:00 201598371                  /usr/lib64/libc-2.17.so
7fa862dce000-7fa862dd3000 rw-p 00000000 00:00 0 
7fa862dd3000-7fa862dd6000 r-xp 00000000 fd:00 205372988                  /usr/lib64/libdl-2.17.so
7fa862dd6000-7fa862fd5000 ---p 00003000 fd:00 205372988                  /usr/lib64/libdl-2.17.so
7fa862fd5000-7fa862fd6000 r--p 00002000 fd:00 205372988                  /usr/lib64/libdl-2.17.so
7fa862fd6000-7fa862fd7000 rw-p 00003000 fd:00 205372988                  /usr/lib64/libdl-2.17.so
7fa862fd7000-7fa862fec000 r-xp 00000000 fd:00 1513751                    /usr/java/jdk1.8.0_91/lib/amd64/jli/libjli.so
7fa862fec000-7fa8631ec000 ---p 00015000 fd:00 1513751                    /usr/java/jdk1.8.0_91/lib/amd64/jli/libjli.so
7fa8631ec000-7fa8631ed000 rw-p 00015000 fd:00 1513751                    /usr/java/jdk1.8.0_91/lib/amd64/jli/libjli.so
7fa8631ed000-7fa863203000 r-xp 00000000 fd:00 205373008                  /usr/lib64/libpthread-2.17.so
7fa863203000-7fa863403000 ---p 00016000 fd:00 205373008                  /usr/lib64/libpthread-2.17.so
7fa863403000-7fa863404000 r--p 00016000 fd:00 205373008                  /usr/lib64/libpthread-2.17.so
7fa863404000-7fa863405000 rw-p 00017000 fd:00 205373008                  /usr/lib64/libpthread-2.17.so
7fa863405000-7fa863409000 rw-p 00000000 00:00 0 
7fa863409000-7fa86342a000 r-xp 00000000 fd:00 205372984                  /usr/lib64/ld-2.17.so
7fa86350f000-7fa863512000 ---p 00000000 00:00 0 
7fa863512000-7fa863614000 rw-p 00000000 00:00 0                          [stack:25507]
7fa86361b000-7fa86361e000 rw-p 00000000 00:00 0 
7fa86361e000-7fa863626000 rw-s 00000000 fd:00 3692966                    /tmp/hsperfdata_root/25462
7fa863626000-7fa863628000 rw-p 00000000 00:00 0 
7fa863628000-7fa863629000 r--p 00000000 00:00 0 
7fa863629000-7fa86362a000 rw-p 00000000 00:00 0 
7fa86362a000-7fa86362b000 r--p 00021000 fd:00 205372984                  /usr/lib64/ld-2.17.so
7fa86362b000-7fa86362c000 rw-p 00022000 fd:00 205372984                  /usr/lib64/ld-2.17.so
7fa86362c000-7fa86362d000 rw-p 00000000 00:00 0 
7ffeb8dc5000-7ffeb8de7000 rw-p 00000000 00:00 0                          [stack]
7ffeb8dfd000-7ffeb8dff000 r-xp 00000000 00:00 0                          [vdso]
ffffffffff600000-ffffffffff601000 r-xp 00000000 00:00 0                  [vsyscall]

VM Arguments:
jvm_args: -Djstorm.home=/Jstorm/jstorm-2.1.1 -Dstorm.options= -Djava.library.path=/usr/local/lib:/opt/local/lib:/usr/lib -Xms4g -Xmx4g -Xmn1536m -XX:PermSize=256m -XX:SurvivorRatio=4 -XX:+UseConcMarkSweepGC -XX:+UseCMSInitiatingOccupancyOnly -XX:CMSInitiatingOccupancyFraction=70 -XX:CMSFullGCsBeforeCompaction=5 -XX:+HeapDumpOnOutOfMemoryError -verbose:gc -XX:+PrintGCDetails -XX:+PrintGCDateStamps -XX:+UseGCLogFileRotation -XX:NumberOfGCLogFiles=5 -XX:GCLogFileSize=100M -XX:+UseCMSCompactAtFullCollection -XX:CMSMaxAbortablePrecleanTime=5000 -Xloggc:/Jstorm/jstorm-2.1.1/logs/nimbus-gc-1468000474.log -Dlogfile.name=nimbus.log -Dlogback.configurationFile=/Jstorm/jstorm-2.1.1/conf/jstorm.logback.xml -Djstorm.log.dir=/Jstorm/jstorm-2.1.1/logs 
java_command: com.alibaba.jstorm.daemon.nimbus.NimbusServer
java_class_path (initial): /Jstorm/jstorm-2.1.1/conf::/Jstorm/jstorm-2.1.1/jstorm-core-2.1.1.jar:/Jstorm/jstorm-2.1.1/lib/clojure-1.6.0.jar:/Jstorm/jstorm-2.1.1/lib/commons-io-2.4.jar:/Jstorm/jstorm-2.1.1/lib/commons-exec-1.1.jar:/Jstorm/jstorm-2.1.1/lib/commons-lang-2.5.jar:/Jstorm/jstorm-2.1.1/lib/commons-cli-1.2.jar:/Jstorm/jstorm-2.1.1/lib/httpclient-4.3.3.jar:/Jstorm/jstorm-2.1.1/lib/httpcore-4.3.2.jar:/Jstorm/jstorm-2.1.1/lib/commons-logging-1.1.3.jar:/Jstorm/jstorm-2.1.1/lib/commons-codec-1.6.jar:/Jstorm/jstorm-2.1.1/lib/libthrift-0.9.2.jar:/Jstorm/jstorm-2.1.1/lib/curator-framework-2.5.0.jar:/Jstorm/jstorm-2.1.1/lib/curator-client-2.5.0.jar:/Jstorm/jstorm-2.1.1/lib/slf4j-api-1.7.5.jar:/Jstorm/jstorm-2.1.1/lib/zookeeper-3.4.6.jar:/Jstorm/jstorm-2.1.1/lib/jline-0.9.94.jar:/Jstorm/jstorm-2.1.1/lib/netty-3.9.0.Final.jar:/Jstorm/jstorm-2.1.1/lib/guava-16.0.1.jar:/Jstorm/jstorm-2.1.1/lib/kryo-2.21.jar:/Jstorm/jstorm-2.1.1/lib/reflectasm-1.07-shaded.jar:/Jstorm/jstorm-2.1.1/lib/asm-4.0.jar:/Jstorm/jstorm-2.1.1/lib/objenesis-1.2.jar:/Jstorm/jstorm-2.1.1/lib/json-simple-1.1.jar:/Jstorm/jstorm-2.1.1/lib/carbonite-1.4.0.jar:/Jstorm/jstorm-2.1.1/lib/chill-java-0.3.5.jar:/Jstorm/jstorm-2.1.1/lib/snakeyaml-1.11.jar:/Jstorm/jstorm-2.1.1/lib/disruptor-3.3.2.jar:/Jstorm/jstorm-2.1.1/lib/jgrapht-core-0.9.0.jar:/Jstorm/jstorm-2.1.1/lib/logback-classic-1.0.13.jar:/Jstorm/jstorm-2.1.1/lib/logback-core-1.0.13.jar:/Jstorm/jstorm-2.1.1/lib/log4j-over-slf4j-1.6.6.jar:/Jstorm/jstorm-2.1.1/lib/gson-2.3.1.jar:/Jstorm/jstorm-2.1.1/lib/metrics-core-3.1.2.jar:/Jstorm/jstorm-2.1.1/lib/metrics-healthchecks-3.1.2.jar:/Jstorm/jstorm-2.1.1/lib/metrics-jvm-3.1.2.jar:/Jstorm/jstorm-2.1.1/lib/servlet-api-2.5.jar:/Jstorm/jstorm-2.1.1/lib/rocksdbjni-3.10.1.jar:/Jstorm/jstorm-2.1.1/lib/ext/*
Launcher Type: SUN_STANDARD

Environment Variables:
JAVA_HOME=/usr/java/jdk1.8.0_91
CLASSPATH=/zookeeper/zookeeper-3.4.6/lib
PATH=/usr/local/sbin:/usr/local/bin:/usr/sbin:/usr/bin:/usr/java/jdk1.8.0_91/bin:/root/software/apache-maven-3.3.9/bin:/root/software/alibaba-rocketmq/bin:/Jstorm/jstorm-2.1.1/bin:/zookeeper/zookeeper-3.4.6/bin:/usr/java/jdk1.8.0_91/bin:/root/software/apache-maven-3.3.9/bin:/root/software/alibaba-rocketmq/bin:/Jstorm/jstorm-2.1.1/bin:/zookeeper/zookeeper-3.4.6/bin:/root/bin:/usr/java/jdk1.8.0_91/bin:/root/software/apache-maven-3.3.9/bin:/root/software/alibaba-rocketmq/bin:/Jstorm/jstorm-2.1.1/bin:/zookeeper/zookeeper-3.4.6/bin
SHELL=/bin/bash
DISPLAY=:1

Signal Handlers:
SIGSEGV: [libjvm.so+0xabca10], sa_mask[0]=11111111011111111101111111111110, sa_flags=SA_RESTART|SA_SIGINFO
SIGBUS: [libjvm.so+0xabca10], sa_mask[0]=11111111011111111101111111111110, sa_flags=SA_RESTART|SA_SIGINFO
SIGFPE: [libjvm.so+0x919a20], sa_mask[0]=11111111011111111101111111111110, sa_flags=SA_RESTART|SA_SIGINFO
SIGPIPE: [libjvm.so+0x919a20], sa_mask[0]=11111111011111111101111111111110, sa_flags=SA_RESTART|SA_SIGINFO
SIGXFSZ: [libjvm.so+0x919a20], sa_mask[0]=11111111011111111101111111111110, sa_flags=SA_RESTART|SA_SIGINFO
SIGILL: [libjvm.so+0x919a20], sa_mask[0]=11111111011111111101111111111110, sa_flags=SA_RESTART|SA_SIGINFO
SIGUSR1: SIG_DFL, sa_mask[0]=00000000000000000000000000000000, sa_flags=none
SIGUSR2: [libjvm.so+0x91b050], sa_mask[0]=00000000000000000000000000000000, sa_flags=SA_RESTART|SA_SIGINFO
SIGHUP: SIG_IGN, sa_mask[0]=00000000000000000000000000000000, sa_flags=none
SIGINT: SIG_DFL, sa_mask[0]=00000000000000000000000000000000, sa_flags=none
SIGTERM: SIG_DFL, sa_mask[0]=00000000000000000000000000000000, sa_flags=none
SIGQUIT: SIG_IGN, sa_mask[0]=00000000000000000000000000000000, sa_flags=none


---------------  S Y S T E M  ---------------

OS:CentOS Linux release 7.2.1511 (Core) 

uname:Linux 3.10.0-327.el7.x86_64 #1 SMP Thu Nov 19 22:10:57 UTC 2015 x86_64
libc:glibc 2.17 NPTL 2.17 
rlimit: STACK 8192k, CORE 0k, NPROC 11032, NOFILE 278528, AS infinity
load average:1.44 2.61 1.93

/proc/meminfo:
MemTotal:        2854944 kB
MemFree:          105476 kB
MemAvailable:     193232 kB
Buffers:               0 kB
Cached:           190268 kB
SwapCached:        70312 kB
Active:          1985184 kB
Inactive:         579980 kB
Active(anon):    1883628 kB
Inactive(anon):   499312 kB
Active(file):     101556 kB
Inactive(file):    80668 kB
Unevictable:           0 kB
Mlocked:               0 kB
SwapTotal:       2097148 kB
SwapFree:        1459088 kB
Dirty:               104 kB
Writeback:             0 kB
AnonPages:       2315420 kB
Mapped:            38888 kB
Shmem:              8044 kB
Slab:              83088 kB
SReclaimable:      36308 kB
SUnreclaim:        46780 kB
KernelStack:       12000 kB
PageTables:        47348 kB
NFS_Unstable:          0 kB
Bounce:                0 kB
WritebackTmp:          0 kB
CommitLimit:     3524620 kB
Committed_AS:   15670584 kB
VmallocTotal:   34359738367 kB
VmallocUsed:       12160 kB
VmallocChunk:   34359723008 kB
HardwareCorrupted:     0 kB
AnonHugePages:    616448 kB
HugePages_Total:       0
HugePages_Free:        0
HugePages_Rsvd:        0
HugePages_Surp:        0
Hugepagesize:       2048 kB
DirectMap4k:       65472 kB
DirectMap2M:     3018752 kB


CPU:total 1 (1 cores per cpu, 1 threads per core) family 6 model 58 stepping 9, cmov, cx8, fxsr, mmx, sse, sse2, sse3, ssse3, sse4.1, sse4.2, popcnt, clmul, tsc, tscinvbit, tscinv

/proc/cpuinfo:
processor	: 0
vendor_id	: GenuineIntel
cpu family	: 6
model		: 58
model name	: Intel(R) Core(TM) i5-3350P CPU @ 3.10GHz
stepping	: 9
microcode	: 0x19
cpu MHz		: 3092.972
cache size	: 6144 KB
physical id	: 0
siblings	: 1
core id		: 0
cpu cores	: 1
apicid		: 0
initial apicid	: 0
fpu		: yes
fpu_exception	: yes
cpuid level	: 13
wp		: yes
flags		: fpu vme de pse tsc msr pae mce cx8 apic sep mtrr pge mca cmov pat pse36 clflush mmx fxsr sse sse2 syscall nx rdtscp lm constant_tsc rep_good nopl xtopology nonstop_tsc pni pclmulqdq monitor ssse3 cx16 sse4_1 sse4_2 popcnt rdrand hypervisor lahf_lm
bogomips	: 6185.94
clflush size	: 64
cache_alignment	: 64
address sizes	: 36 bits physical, 48 bits virtual
power management:



Memory: 4k page, physical 2854944k(105476k free), swap 2097148k(1459088k free)

vm_info: Java HotSpot(TM) 64-Bit Server VM (25.91-b14) for linux-amd64 JRE (1.8.0_91-b14), built on Apr  1 2016 00:57:21 by "java_re" with gcc 4.3.0 20080428 (Red Hat 4.3.0-8)

time: Sat Jul  9 01:54:35 2016
elapsed time: 0 seconds (0d 0h 0m 0s)

